<?xml version="1.0" encoding="UTF-8"?>
<!-- Generated by org.testng.reporters.JUnitReportReporter -->
<testsuite hostname="suharika" failures="0" tests="1" name="testngex.extentreports2" time="7.901" errors="0" timestamp="2024-03-05T22:03:34 IST" skipped="0">
  <testcase classname="testngex.extentreports2" name="test" time="7.901"/>
  <system-out/>
</testsuite> <!-- testngex.extentreports2 -->
