<?xml version="1.0" encoding="UTF-8"?>
<!-- Generated by org.testng.reporters.JUnitReportReporter -->
<testsuite hostname="suharika" failures="0" tests="1" name="testngex.mouseactions" time="6.135" errors="0" timestamp="2024-03-02T23:08:04 IST" skipped="0">
  <testcase classname="testngex.mouseactions" name="f" time="6.135"/>
  <system-out/>
</testsuite> <!-- testngex.mouseactions -->
