<?xml version="1.0" encoding="UTF-8"?>
<!-- Generated by org.testng.reporters.JUnitReportReporter -->
<testsuite hostname="suharika" failures="0" tests="2" name="testngex.testngbasic_annotations" time="0.017" errors="0" timestamp="2024-02-28T07:40:47 IST" skipped="0">
  <testcase classname="testngex.testngbasic_annotations" name="f" time="0.004"/>
  <system-out/>
  <testcase classname="testngex.testngbasic_annotations" name="f" time="0.013"/>
  <system-out/>
</testsuite> <!-- testngex.testngbasic_annotations -->
