<?xml version="1.0" encoding="UTF-8"?>
<!-- Generated by org.testng.reporters.JUnitReportReporter -->
<testsuite hostname="suharika" failures="0" tests="2" name="testngex.logimplemenattion" time="0.015" errors="0" timestamp="2024-03-13T21:24:26 IST" skipped="0">
  <testcase classname="testngex.logimplemenattion" name="text" time="0.001"/>
  <system-out/>
  <testcase classname="testngex.logimplemenattion" name="tex2t" time="0.014"/>
  <system-out/>
</testsuite> <!-- testngex.logimplemenattion -->
