<?xml version="1.0" encoding="UTF-8"?>
<!-- Generated by org.testng.reporters.JUnitReportReporter -->
<testsuite hostname="suharika" failures="0" tests="3" name="testngex.dataprovider" time="0.011" errors="0" timestamp="2024-02-28T07:48:33 IST" skipped="0">
  <testcase classname="testngex.dataprovider" name="f" time="0.007"/>
  <system-out/>
  <testcase classname="testngex.dataprovider" name="f" time="0.002"/>
  <system-out/>
  <testcase classname="testngex.dataprovider" name="f" time="0.002"/>
  <system-out/>
</testsuite> <!-- testngex.dataprovider -->
