<?xml version="1.0" encoding="UTF-8"?>
<!-- Generated by org.testng.reporters.JUnitReportReporter -->
<testsuite hostname="suharika" failures="0" tests="1" name="testngex.fluentwaitex" time="9.821" errors="0" timestamp="2024-03-07T07:57:05 IST" skipped="0">
  <testcase classname="testngex.fluentwaitex" name="f" time="9.821"/>
  <system-out/>
</testsuite> <!-- testngex.fluentwaitex -->
