<?xml version="1.0" encoding="UTF-8"?>
<!-- Generated by org.testng.reporters.JUnitReportReporter -->
<testsuite hostname="suharika" failures="0" tests="2" name="testngex.testasserts" time="0.014" errors="0" timestamp="2024-02-29T21:31:00 IST" skipped="0">
  <testcase classname="testngex.testasserts" name="f" time="0.013"/>
  <system-out/>
  <testcase classname="testngex.testasserts" name="f1" time="0.001"/>
  <system-out/>
</testsuite> <!-- testngex.testasserts -->
