<?xml version="1.0" encoding="UTF-8"?>
<!-- Generated by org.testng.reporters.JUnitReportReporter -->
<testsuite hostname="suharika" failures="0" tests="1" name="testngex.extentreports" time="6.452" errors="0" timestamp="2024-03-05T21:47:17 IST" skipped="0">
  <testcase classname="testngex.extentreports" name="test" time="6.452"/>
  <system-out/>
</testsuite> <!-- testngex.extentreports -->
