<?xml version="1.0" encoding="UTF-8"?>
<!-- Generated by org.testng.reporters.JUnitReportReporter -->
<testsuite hostname="suharika" failures="0" tests="1" name="testngex.draganddrop" time="6.096" errors="0" timestamp="2024-03-04T22:36:28 IST" skipped="0">
  <testcase classname="testngex.draganddrop" name="f" time="6.096"/>
  <system-out/>
</testsuite> <!-- testngex.draganddrop -->
