<?xml version="1.0" encoding="UTF-8"?>
<!-- Generated by org.testng.reporters.JUnitReportReporter -->
<testsuite hostname="suharika" failures="0" tests="1" name="testngex.exceldata" time="0.009" errors="0" timestamp="2024-03-04T23:12:23 IST" skipped="0">
  <testcase classname="testngex.exceldata" name="f" time="0.009"/>
  <system-out/>
</testsuite> <!-- testngex.exceldata -->
